<?xml version="1.0" encoding="UTF-8"?>
<!-- Generated by org.testng.reporters.JUnitXMLReporter -->
<testsuite ignored="0" hostname="dvcinh6098479" failures="0" tests="10" name="Test" time="30.955" errors="0" timestamp="2024-12-25T15:09:45 IST">
  <testcase classname="SuiteA.TestClassAA" name="testMethodAA" time="3.01"/>
  <testcase classname="SuiteA.TestClassAA" name="testMethodAA" time="3.008"/>
  <testcase classname="SuiteB.TestClassBB" name="testMethodBB" time="3.007"/>
  <testcase classname="SuiteB.TestClassBB" name="testMethodBB" time="3.004"/>
  <testcase classname="SuiteB.TestClassB" name="testMethodB" time="3.015"/>
  <testcase classname="SuiteB.TestClassB" name="testMethodB" time="3.016"/>
  <testcase classname="SuiteA.TestClassA" name="testMethodA" time="3.009"/>
  <testcase classname="SuiteA.TestClassA" name="testMethodA" time="3.007"/>
  <testcase classname="SuiteC.TestClassC" name="testMethodC" time="3.011"/>
  <testcase classname="SuiteC.TestClassCC" name="testMehodCC" time="3.015"/>
</testsuite> <!-- Test -->
